cbu_it_buddy/android/app/build/intermediates/manifest_merge_blame_file/release/manifest-merger-blame-release-report.txt
1<?xml version="1.0" encoding="utf-8"?>
2<manifest xmlns:android="http://schemas.android.com/apk/res/android"
3    package="com.example.cbu_it_buddy"
4    android:versionCode="1"
5    android:versionName="1.0.0" >
6
7    <uses-sdk
8        android:minSdkVersion="21"
9        android:targetSdkVersion="34" />
10    <!--
11         Required to query activities that can process text, see:
12         https://developer.android.com/training/package-visibility and
13         https://developer.android.com/reference/android/content/Intent#ACTION_PROCESS_TEXT.
14
15         In particular, this is used by the Flutter engine in io.flutter.plugin.text.ProcessTextPlugin.
16    -->
17    <queries>
17-->src\main\AndroidManifest.xml:39:5-44:15
18        <intent>
18-->src\main\AndroidManifest.xml:40:9-43:18
19            <action android:name="android.intent.action.PROCESS_TEXT" />
19-->src\main\AndroidManifest.xml:41:13-72
19-->src\main\AndroidManifest.xml:41:21-70
20
21            <data android:mimeType="text/plain" />
21-->src\main\AndroidManifest.xml:42:13-50
21-->src\main\AndroidManifest.xml:42:19-48
22        </intent>
23    </queries>
24
25    <uses-permission android:name="android.permission.INTERNET" />
25-->[com.google.android.gms:play-services-measurement-api:22.1.0] AndroidManifest.xml:22:5-67
25-->[com.google.android.gms:play-services-measurement-api:22.1.0] AndroidManifest.xml:22:22-64
26    <uses-permission android:name="android.permission.ACCESS_NETWORK_STATE" />
26-->[com.google.android.gms:play-services-measurement-api:22.1.0] AndroidManifest.xml:23:5-79
26-->[com.google.android.gms:play-services-measurement-api:22.1.0] AndroidManifest.xml:23:22-76
27    <uses-permission android:name="android.permission.WAKE_LOCK" />
27-->[com.google.android.gms:play-services-measurement-api:22.1.0] AndroidManifest.xml:24:5-68
27-->[com.google.android.gms:play-services-measurement-api:22.1.0] AndroidManifest.xml:24:22-65
28    <uses-permission android:name="com.google.android.gms.permission.AD_ID" />
28-->[com.google.android.gms:play-services-measurement-api:22.1.0] AndroidManifest.xml:25:5-79
28-->[com.google.android.gms:play-services-measurement-api:22.1.0] AndroidManifest.xml:25:22-76
29    <uses-permission android:name="android.permission.ACCESS_ADSERVICES_ATTRIBUTION" />
29-->[com.google.android.gms:play-services-measurement-api:22.1.0] AndroidManifest.xml:26:5-88
29-->[com.google.android.gms:play-services-measurement-api:22.1.0] AndroidManifest.xml:26:22-85
30    <uses-permission android:name="android.permission.ACCESS_ADSERVICES_AD_ID" />
30-->[com.google.android.gms:play-services-measurement-api:22.1.0] AndroidManifest.xml:27:5-82
30-->[com.google.android.gms:play-services-measurement-api:22.1.0] AndroidManifest.xml:27:22-79
31    <uses-permission android:name="com.google.android.finsky.permission.BIND_GET_INSTALL_REFERRER_SERVICE" />
31-->[com.google.android.gms:play-services-measurement:22.1.0] AndroidManifest.xml:26:5-110
31-->[com.google.android.gms:play-services-measurement:22.1.0] AndroidManifest.xml:26:22-107
32
33    <permission
33-->[androidx.core:core:1.13.1] AndroidManifest.xml:22:5-24:47
34        android:name="com.example.cbu_it_buddy.DYNAMIC_RECEIVER_NOT_EXPORTED_PERMISSION"
34-->[androidx.core:core:1.13.1] AndroidManifest.xml:23:9-81
35        android:protectionLevel="signature" />
35-->[androidx.core:core:1.13.1] AndroidManifest.xml:24:9-44
36
37    <uses-permission android:name="com.example.cbu_it_buddy.DYNAMIC_RECEIVER_NOT_EXPORTED_PERMISSION" />
37-->[androidx.core:core:1.13.1] AndroidManifest.xml:26:5-97
37-->[androidx.core:core:1.13.1] AndroidManifest.xml:26:22-94
38
39    <application
40        android:name="android.app.Application"
40-->src\main\AndroidManifest.xml:4:9-42
41        android:appComponentFactory="androidx.core.app.CoreComponentFactory"
41-->[androidx.core:core:1.13.1] AndroidManifest.xml:28:18-86
42        android:extractNativeLibs="true"
43        android:icon="@mipmap/ic_launcher"
43-->src\main\AndroidManifest.xml:5:9-43
44        android:label="cbu_it_buddy" >
44-->src\main\AndroidManifest.xml:3:9-37
45        <activity
45-->src\main\AndroidManifest.xml:6:9-27:20
46            android:name="com.example.cbu_it_buddy.MainActivity"
46-->src\main\AndroidManifest.xml:7:13-41
47            android:configChanges="orientation|keyboardHidden|keyboard|screenSize|smallestScreenSize|locale|layoutDirection|fontScale|screenLayout|density|uiMode"
47-->src\main\AndroidManifest.xml:12:13-163
48            android:exported="true"
48-->src\main\AndroidManifest.xml:8:13-36
49            android:hardwareAccelerated="true"
49-->src\main\AndroidManifest.xml:13:13-47
50            android:launchMode="singleTop"
50-->src\main\AndroidManifest.xml:9:13-43
51            android:taskAffinity=""
51-->src\main\AndroidManifest.xml:10:13-36
52            android:theme="@style/LaunchTheme"
52-->src\main\AndroidManifest.xml:11:13-47
53            android:windowSoftInputMode="adjustResize" >
53-->src\main\AndroidManifest.xml:14:13-55
54
55            <!--
56                 Specifies an Android theme to apply to this Activity as soon as
57                 the Android process has started. This theme is visible to the user
58                 while the Flutter UI initializes. After that, this theme continues
59                 to determine the Window background behind the Flutter UI.
60            -->
61            <meta-data
61-->src\main\AndroidManifest.xml:19:13-22:17
62                android:name="io.flutter.embedding.android.NormalTheme"
62-->src\main\AndroidManifest.xml:20:15-70
63                android:resource="@style/NormalTheme" />
63-->src\main\AndroidManifest.xml:21:15-52
64
65            <intent-filter>
65-->src\main\AndroidManifest.xml:23:13-26:29
66                <action android:name="android.intent.action.MAIN" />
66-->src\main\AndroidManifest.xml:24:17-68
66-->src\main\AndroidManifest.xml:24:25-66
67
68                <category android:name="android.intent.category.LAUNCHER" />
68-->src\main\AndroidManifest.xml:25:17-76
68-->src\main\AndroidManifest.xml:25:27-74
69            </intent-filter>
70        </activity>
71        <!--
72             Don't delete the meta-data below.
73             This is used by the Flutter tool to generate GeneratedPluginRegistrant.java
74        -->
75        <meta-data
75-->src\main\AndroidManifest.xml:30:9-32:33
76            android:name="flutterEmbedding"
76-->src\main\AndroidManifest.xml:31:13-44
77            android:value="2" />
77-->src\main\AndroidManifest.xml:32:13-30
78
79        <service
79-->[:firebase_core] AndroidManifest.xml:8:9-12:19
80            android:name="com.google.firebase.components.ComponentDiscoveryService"
80-->[:firebase_core] AndroidManifest.xml:8:18-89
81            android:directBootAware="true"
81-->[com.google.firebase:firebase-common:21.0.0] AndroidManifest.xml:32:13-43
82            android:exported="false" >
82-->[com.google.android.gms:play-services-measurement-api:22.1.0] AndroidManifest.xml:36:13-37
83            <meta-data
83-->[:firebase_core] AndroidManifest.xml:9:13-11:85
84                android:name="com.google.firebase.components:io.flutter.plugins.firebase.core.FlutterFirebaseCoreRegistrar"
84-->[:firebase_core] AndroidManifest.xml:10:17-124
85                android:value="com.google.firebase.components.ComponentRegistrar" />
85-->[:firebase_core] AndroidManifest.xml:11:17-82
86            <meta-data
86-->[com.google.android.gms:play-services-measurement-api:22.1.0] AndroidManifest.xml:37:13-39:85
87                android:name="com.google.firebase.components:com.google.firebase.analytics.connector.internal.AnalyticsConnectorRegistrar"
87-->[com.google.android.gms:play-services-measurement-api:22.1.0] AndroidManifest.xml:38:17-139
88                android:value="com.google.firebase.components.ComponentRegistrar" />
88-->[com.google.android.gms:play-services-measurement-api:22.1.0] AndroidManifest.xml:39:17-82
89            <meta-data
89-->[com.google.firebase:firebase-installations:18.0.0] AndroidManifest.xml:15:13-17:85
90                android:name="com.google.firebase.components:com.google.firebase.installations.FirebaseInstallationsKtxRegistrar"
90-->[com.google.firebase:firebase-installations:18.0.0] AndroidManifest.xml:16:17-130
91                android:value="com.google.firebase.components.ComponentRegistrar" />
91-->[com.google.firebase:firebase-installations:18.0.0] AndroidManifest.xml:17:17-82
92            <meta-data
92-->[com.google.firebase:firebase-installations:18.0.0] AndroidManifest.xml:18:13-20:85
93                android:name="com.google.firebase.components:com.google.firebase.installations.FirebaseInstallationsRegistrar"
93-->[com.google.firebase:firebase-installations:18.0.0] AndroidManifest.xml:19:17-127
94                android:value="com.google.firebase.components.ComponentRegistrar" />
94-->[com.google.firebase:firebase-installations:18.0.0] AndroidManifest.xml:20:17-82
95            <meta-data
95-->[com.google.firebase:firebase-common-ktx:21.0.0] AndroidManifest.xml:12:13-14:85
96                android:name="com.google.firebase.components:com.google.firebase.ktx.FirebaseCommonLegacyRegistrar"
96-->[com.google.firebase:firebase-common-ktx:21.0.0] AndroidManifest.xml:13:17-116
97                android:value="com.google.firebase.components.ComponentRegistrar" />
97-->[com.google.firebase:firebase-common-ktx:21.0.0] AndroidManifest.xml:14:17-82
98            <meta-data
98-->[com.google.firebase:firebase-common:21.0.0] AndroidManifest.xml:35:13-37:85
99                android:name="com.google.firebase.components:com.google.firebase.FirebaseCommonKtxRegistrar"
99-->[com.google.firebase:firebase-common:21.0.0] AndroidManifest.xml:36:17-109
100                android:value="com.google.firebase.components.ComponentRegistrar" />
100-->[com.google.firebase:firebase-common:21.0.0] AndroidManifest.xml:37:17-82
101        </service>
102
103        <property
103-->[com.google.android.gms:play-services-measurement-api:22.1.0] AndroidManifest.xml:30:9-32:61
104            android:name="android.adservices.AD_SERVICES_CONFIG"
104-->[com.google.android.gms:play-services-measurement-api:22.1.0] AndroidManifest.xml:31:13-65
105            android:resource="@xml/ga_ad_services_config" />
105-->[com.google.android.gms:play-services-measurement-api:22.1.0] AndroidManifest.xml:32:13-58
106
107        <provider
107-->[com.google.firebase:firebase-common:21.0.0] AndroidManifest.xml:23:9-28:39
108            android:name="com.google.firebase.provider.FirebaseInitProvider"
108-->[com.google.firebase:firebase-common:21.0.0] AndroidManifest.xml:24:13-77
109            android:authorities="com.example.cbu_it_buddy.firebaseinitprovider"
109-->[com.google.firebase:firebase-common:21.0.0] AndroidManifest.xml:25:13-72
110            android:directBootAware="true"
110-->[com.google.firebase:firebase-common:21.0.0] AndroidManifest.xml:26:13-43
111            android:exported="false"
111-->[com.google.firebase:firebase-common:21.0.0] AndroidManifest.xml:27:13-37
112            android:initOrder="100" />
112-->[com.google.firebase:firebase-common:21.0.0] AndroidManifest.xml:28:13-36
113
114        <receiver
114-->[com.google.android.gms:play-services-measurement:22.1.0] AndroidManifest.xml:29:9-33:20
115            android:name="com.google.android.gms.measurement.AppMeasurementReceiver"
115-->[com.google.android.gms:play-services-measurement:22.1.0] AndroidManifest.xml:30:13-85
116            android:enabled="true"
116-->[com.google.android.gms:play-services-measurement:22.1.0] AndroidManifest.xml:31:13-35
117            android:exported="false" >
117-->[com.google.android.gms:play-services-measurement:22.1.0] AndroidManifest.xml:32:13-37
118        </receiver>
119
120        <service
120-->[com.google.android.gms:play-services-measurement:22.1.0] AndroidManifest.xml:35:9-38:40
121            android:name="com.google.android.gms.measurement.AppMeasurementService"
121-->[com.google.android.gms:play-services-measurement:22.1.0] AndroidManifest.xml:36:13-84
122            android:enabled="true"
122-->[com.google.android.gms:play-services-measurement:22.1.0] AndroidManifest.xml:37:13-35
123            android:exported="false" />
123-->[com.google.android.gms:play-services-measurement:22.1.0] AndroidManifest.xml:38:13-37
124        <service
124-->[com.google.android.gms:play-services-measurement:22.1.0] AndroidManifest.xml:39:9-43:72
125            android:name="com.google.android.gms.measurement.AppMeasurementJobService"
125-->[com.google.android.gms:play-services-measurement:22.1.0] AndroidManifest.xml:40:13-87
126            android:enabled="true"
126-->[com.google.android.gms:play-services-measurement:22.1.0] AndroidManifest.xml:41:13-35
127            android:exported="false"
127-->[com.google.android.gms:play-services-measurement:22.1.0] AndroidManifest.xml:42:13-37
128            android:permission="android.permission.BIND_JOB_SERVICE" />
128-->[com.google.android.gms:play-services-measurement:22.1.0] AndroidManifest.xml:43:13-69
129
130        <uses-library
130-->[androidx.window:window:1.2.0] AndroidManifest.xml:23:9-25:40
131            android:name="androidx.window.extensions"
131-->[androidx.window:window:1.2.0] AndroidManifest.xml:24:13-54
132            android:required="false" />
132-->[androidx.window:window:1.2.0] AndroidManifest.xml:25:13-37
133        <uses-library
133-->[androidx.window:window:1.2.0] AndroidManifest.xml:26:9-28:40
134            android:name="androidx.window.sidecar"
134-->[androidx.window:window:1.2.0] AndroidManifest.xml:27:13-51
135            android:required="false" />
135-->[androidx.window:window:1.2.0] AndroidManifest.xml:28:13-37
136        <uses-library
136-->[androidx.privacysandbox.ads:ads-adservices:1.0.0-beta05] AndroidManifest.xml:23:9-25:40
137            android:name="android.ext.adservices"
137-->[androidx.privacysandbox.ads:ads-adservices:1.0.0-beta05] AndroidManifest.xml:24:13-50
138            android:required="false" />
138-->[androidx.privacysandbox.ads:ads-adservices:1.0.0-beta05] AndroidManifest.xml:25:13-37
139
140        <meta-data
140-->[com.google.android.gms:play-services-basement:18.4.0] AndroidManifest.xml:6:9-122
141            android:name="com.google.android.gms.version"
141-->[com.google.android.gms:play-services-basement:18.4.0] AndroidManifest.xml:6:20-65
142            android:value="@integer/google_play_services_version" />
142-->[com.google.android.gms:play-services-basement:18.4.0] AndroidManifest.xml:6:66-119
143
144        <provider
144-->[androidx.lifecycle:lifecycle-process:2.7.0] AndroidManifest.xml:24:9-32:20
145            android:name="androidx.startup.InitializationProvider"
145-->[androidx.lifecycle:lifecycle-process:2.7.0] AndroidManifest.xml:25:13-67
146            android:authorities="com.example.cbu_it_buddy.androidx-startup"
146-->[androidx.lifecycle:lifecycle-process:2.7.0] AndroidManifest.xml:26:13-68
147            android:exported="false" >
147-->[androidx.lifecycle:lifecycle-process:2.7.0] AndroidManifest.xml:27:13-37
148            <meta-data
148-->[androidx.lifecycle:lifecycle-process:2.7.0] AndroidManifest.xml:29:13-31:52
149                android:name="androidx.lifecycle.ProcessLifecycleInitializer"
149-->[androidx.lifecycle:lifecycle-process:2.7.0] AndroidManifest.xml:30:17-78
150                android:value="androidx.startup" />
150-->[androidx.lifecycle:lifecycle-process:2.7.0] AndroidManifest.xml:31:17-49
151            <meta-data
151-->[androidx.profileinstaller:profileinstaller:1.3.1] AndroidManifest.xml:29:13-31:52
152                android:name="androidx.profileinstaller.ProfileInstallerInitializer"
152-->[androidx.profileinstaller:profileinstaller:1.3.1] AndroidManifest.xml:30:17-85
153                android:value="androidx.startup" />
153-->[androidx.profileinstaller:profileinstaller:1.3.1] AndroidManifest.xml:31:17-49
154        </provider>
155
156        <receiver
156-->[androidx.profileinstaller:profileinstaller:1.3.1] AndroidManifest.xml:34:9-52:20
157            android:name="androidx.profileinstaller.ProfileInstallReceiver"
157-->[androidx.profileinstaller:profileinstaller:1.3.1] AndroidManifest.xml:35:13-76
158            android:directBootAware="false"
158-->[androidx.profileinstaller:profileinstaller:1.3.1] AndroidManifest.xml:36:13-44
159            android:enabled="true"
159-->[androidx.profileinstaller:profileinstaller:1.3.1] AndroidManifest.xml:37:13-35
160            android:exported="true"
160-->[androidx.profileinstaller:profileinstaller:1.3.1] AndroidManifest.xml:38:13-36
161            android:permission="android.permission.DUMP" >
161-->[androidx.profileinstaller:profileinstaller:1.3.1] AndroidManifest.xml:39:13-57
162            <intent-filter>
162-->[androidx.profileinstaller:profileinstaller:1.3.1] AndroidManifest.xml:40:13-42:29
163                <action android:name="androidx.profileinstaller.action.INSTALL_PROFILE" />
163-->[androidx.profileinstaller:profileinstaller:1.3.1] AndroidManifest.xml:41:17-91
163-->[androidx.profileinstaller:profileinstaller:1.3.1] AndroidManifest.xml:41:25-88
164            </intent-filter>
165            <intent-filter>
165-->[androidx.profileinstaller:profileinstaller:1.3.1] AndroidManifest.xml:43:13-45:29
166                <action android:name="androidx.profileinstaller.action.SKIP_FILE" />
166-->[androidx.profileinstaller:profileinstaller:1.3.1] AndroidManifest.xml:44:17-85
166-->[androidx.profileinstaller:profileinstaller:1.3.1] AndroidManifest.xml:44:25-82
167            </intent-filter>
168            <intent-filter>
168-->[androidx.profileinstaller:profileinstaller:1.3.1] AndroidManifest.xml:46:13-48:29
169                <action android:name="androidx.profileinstaller.action.SAVE_PROFILE" />
169-->[androidx.profileinstaller:profileinstaller:1.3.1] AndroidManifest.xml:47:17-88
169-->[androidx.profileinstaller:profileinstaller:1.3.1] AndroidManifest.xml:47:25-85
170            </intent-filter>
171            <intent-filter>
171-->[androidx.profileinstaller:profileinstaller:1.3.1] AndroidManifest.xml:49:13-51:29
172                <action android:name="androidx.profileinstaller.action.BENCHMARK_OPERATION" />
172-->[androidx.profileinstaller:profileinstaller:1.3.1] AndroidManifest.xml:50:17-95
172-->[androidx.profileinstaller:profileinstaller:1.3.1] AndroidManifest.xml:50:25-92
173            </intent-filter>
174        </receiver>
175    </application>
176
177</manifest>